INFO:2017-04-09 22:37:43,980:Dispatcher@86:Received message
INFO:2017-04-09 22:37:43,983:Dispatcher@92:It's a following petition from: user2 to follow: user1
INFO:2017-04-09 22:37:43,991:Dispatcher@86:Received message
INFO:2017-04-09 22:37:43,992:Dispatcher@92:It's a following petition from: user3 to follow: user1
INFO:2017-04-09 22:37:43,994:Dispatcher@86:Received message
INFO:2017-04-09 22:37:43,994:Dispatcher@95:It's a following petition from: user1 to follow: #hello
INFO:2017-04-09 22:37:44,730:Dispatcher@86:Received message
INFO:2017-04-09 22:37:44,731:Dispatcher@89:It's a buzz: [6edea135-6080-4885-a215-c313de208d0e;user1;hola, soy user1]
INFO:2017-04-09 22:37:46,480:Dispatcher@86:Received message
INFO:2017-04-09 22:37:46,481:Dispatcher@89:It's a buzz: [05708a12-3c6b-415a-b9c2-9c1786dae575;user2;hola soy user2]
INFO:2017-04-09 22:37:48,742:Dispatcher@86:Received message
INFO:2017-04-09 22:37:48,742:Dispatcher@89:It's a buzz: [d76685d4-f5fd-44b6-87ea-516a66049913;user3;hola soy user3 mando #hello]
INFO:2017-04-09 22:37:50,369:Dispatcher@86:Received message
INFO:2017-04-09 22:37:50,369:Dispatcher@89:It's a buzz: [1fd67a38-2ae7-4db6-8fe2-3f9e4ad64e5e;user2;soy user2, alguien me escucha?]
INFO:2017-04-09 22:37:52,102:Dispatcher@86:Received message
INFO:2017-04-09 22:37:52,102:Dispatcher@98:It's a request for buzzes from: user1 to get: user2
INFO:2017-04-09 22:37:54,477:Dispatcher@86:Received message
INFO:2017-04-09 22:37:54,477:Dispatcher@101:It's a delete request from: user2 to delete: 1fd67a38-2ae7-4db6-8fe2-3f9e4ad64e5e
INFO:2017-04-09 22:37:57,356:Dispatcher@86:Received message
INFO:2017-04-09 22:37:57,356:Dispatcher@98:It's a request for buzzes from: user1 to get: user2
INFO:2017-04-09 22:37:58,991:Dispatcher@86:Received message
INFO:2017-04-09 22:37:58,992:Dispatcher@104:It's a request for trending topics from: user2
INFO:2017-04-09 22:38:01,205:Dispatcher@86:Received message
INFO:2017-04-09 22:38:01,206:Dispatcher@89:It's a buzz: [d10449d3-c5b3-489c-aa67-77589987f318;user1;Soy #user1 y digo: 1]
INFO:2017-04-09 22:38:01,246:Dispatcher@86:Received message
INFO:2017-04-09 22:38:01,250:Dispatcher@89:It's a buzz: [5402d829-b687-41ee-9078-c4776ee3f358;user1;Soy #user1 y digo: 2]
INFO:2017-04-09 22:38:01,261:Dispatcher@86:Received message
INFO:2017-04-09 22:38:01,268:Dispatcher@89:It's a buzz: [77cac1cd-74df-4d36-ba1a-5369536a3d34;user1;Soy #user1 y digo: 3]
INFO:2017-04-09 22:38:01,282:Dispatcher@86:Received message
INFO:2017-04-09 22:38:01,283:Dispatcher@89:It's a buzz: [2e1b30e9-7c63-43ee-ad90-a167b6bafd37;user1;Soy #user1 y digo: 4]
INFO:2017-04-09 22:38:01,308:Dispatcher@86:Received message
INFO:2017-04-09 22:38:01,308:Dispatcher@89:It's a buzz: [27075e94-5bf0-45c3-9210-fb9c70a939a8;user2;Soy #user2 y digo: 1]
INFO:2017-04-09 22:38:01,316:Dispatcher@86:Received message
INFO:2017-04-09 22:38:01,317:Dispatcher@89:It's a buzz: [4577f3c1-a7d5-4807-8f3f-233b21fd80fd;user2;Soy #user2 y digo: 2]
INFO:2017-04-09 22:38:01,325:Dispatcher@86:Received message
INFO:2017-04-09 22:38:01,325:Dispatcher@89:It's a buzz: [7e7cbefc-5711-47d9-b0a0-2860afb06cb8;user2;Soy #user2 y digo: 3]
INFO:2017-04-09 22:38:01,328:Dispatcher@86:Received message
INFO:2017-04-09 22:38:01,329:Dispatcher@89:It's a buzz: [0102ebbe-4976-4f72-892c-b7c1ea874507;user2;Soy #user2 y digo: 4]
INFO:2017-04-09 22:38:01,334:Dispatcher@86:Received message
INFO:2017-04-09 22:38:01,335:Dispatcher@89:It's a buzz: [a914e7ed-4fc2-4eb4-b9e7-87779ca37849;user3;Soy #user3 y digo: 1]
INFO:2017-04-09 22:38:01,341:Dispatcher@86:Received message
INFO:2017-04-09 22:38:01,341:Dispatcher@89:It's a buzz: [284a17b1-1675-47f6-ac6f-ffa0e3cccd37;user3;Soy #user3 y digo: 2]
INFO:2017-04-09 22:38:01,343:Dispatcher@86:Received message
INFO:2017-04-09 22:38:01,343:Dispatcher@89:It's a buzz: [e4d48242-0aba-420d-ba56-54a4353e1caa;user3;Soy #user3 y digo: 3]
INFO:2017-04-09 22:38:01,344:Dispatcher@86:Received message
INFO:2017-04-09 22:38:01,344:Dispatcher@89:It's a buzz: [362ecf3d-c7db-4aa8-96cf-b434adf456e6;user3;Soy #user3 y digo: 4]
INFO:2017-04-09 22:38:02,762:Dispatcher@86:Received message
INFO:2017-04-09 22:38:02,762:Dispatcher@104:It's a request for trending topics from: user2
